<?xml version="1.0" encoding="UTF-8"?>
<testsuite xmlns:xsi="http://www.w3.org/2001/XMLSchema-instance" xsi:noNamespaceSchemaLocation="https://maven.apache.org/surefire/maven-surefire-plugin/xsd/surefire-test-report.xsd" version="3.0.2" name="com.mycompany.loginsystem.LoginTest" time="0.158" tests="6" errors="0" skipped="0" failures="0">
  <properties>
[...]
</properties>
  <testcase name="testReturnLoginStatus" classname="com.mycompany.loginsystem.LoginTest" time="0.065"/>
  <testcase name="testLoginUser" classname="com.mycompany.loginsystem.LoginTest" time="0.006"/>
  <testcase name="testRegisterUser" classname="com.mycompany.loginsystem.LoginTest" time="0.003"/>
  <testcase name="testCheckPasswordComplexity" classname="com.mycompany.loginsystem.LoginTest" time="0.003"/>
  <testcase name="testCheckUserName" classname="com.mycompany.loginsystem.LoginTest" time="0.003"/>
  <testcase name="testCheckCellPhoneNumber" classname="com.mycompany.loginsystem.LoginTest" time="0.003"/>
</testsuite>